<?xml version="1.0" encoding="UTF-8"?>
<testng-results skipped="0" failed="0" total="1" passed="1">
  <reporter-output>
  </reporter-output>
  <suite name="FunctionalSuite" duration-ms="12007" started-at="2021-01-08T00:39:46Z" finished-at="2021-01-08T00:39:58Z">
    <groups>
    </groups>
    <test name="Functional" duration-ms="12007" started-at="2021-01-08T00:39:46Z" finished-at="2021-01-08T00:39:58Z">
      <class name="TestCases.CheckPrices">
        <test-method status="PASS" signature="InitializeDependencies()[pri:0, instance:TestCases.CheckPrices@78e94dcf]" name="InitializeDependencies" is-config="true" duration-ms="3759" started-at="2021-01-07T18:39:46Z" finished-at="2021-01-07T18:39:50Z">
          <reporter-output>
          </reporter-output>
        </test-method> <!-- InitializeDependencies -->
        <test-method status="PASS" signature="setUpEnvironment()[pri:0, instance:TestCases.CheckPrices@78e94dcf]" name="setUpEnvironment" is-config="true" duration-ms="21" started-at="2021-01-07T18:39:50Z" finished-at="2021-01-07T18:39:50Z">
          <reporter-output>
          </reporter-output>
        </test-method> <!-- setUpEnvironment -->
        <test-method status="PASS" signature="housePricesTC(java.lang.String)[pri:0, instance:TestCases.CheckPrices@78e94dcf]" name="housePricesTC" duration-ms="8028" started-at="2021-01-07T18:39:50Z" data-provider="getTestData" finished-at="2021-01-07T18:39:58Z">
          <params>
            <param index="0">
              <value>
                <![CDATA[London Road, Addington, West Malling ME19]]>
              </value>
            </param>
          </params>
          <reporter-output>
          </reporter-output>
        </test-method> <!-- housePricesTC -->
        <test-method status="PASS" signature="ShuttingDownAllDependencies()[pri:0, instance:TestCases.CheckPrices@78e94dcf]" name="ShuttingDownAllDependencies" is-config="true" duration-ms="185" started-at="2021-01-07T18:39:58Z" finished-at="2021-01-07T18:39:58Z">
          <reporter-output>
          </reporter-output>
        </test-method> <!-- ShuttingDownAllDependencies -->
      </class> <!-- TestCases.CheckPrices -->
    </test> <!-- Functional -->
  </suite> <!-- FunctionalSuite -->
</testng-results>
